Analysis & Synthesis report for TanX
Fri Jan 04 23:48:32 2019
Quartus II 64-Bit Version 13.0.1 Build 232 06/12/2013 Service Pack 1 SJ Web Edition


---------------------
; Table of Contents ;
---------------------
  1. Legal Notice
  2. Analysis & Synthesis Summary
  3. Analysis & Synthesis Settings
  4. Parallel Compilation
  5. Analysis & Synthesis Source Files Read
  6. Analysis & Synthesis Resource Usage Summary
  7. Analysis & Synthesis Resource Utilization by Entity
  8. Analysis & Synthesis RAM Summary
  9. Analysis & Synthesis DSP Block Usage Summary
 10. Analysis & Synthesis IP Cores Summary
 11. State Machine - |TanX|tanCntl:inst1|ps
 12. Registers Removed During Synthesis
 13. General Register Statistics
 14. Multiplexer Restructuring Statistics (Restructuring Performed)
 15. Source assignments for tanDp:inst|rom1:inst|altsyncram:altsyncram_component|altsyncram_nj71:auto_generated
 16. Parameter Settings for User Entity Instance: tanCntl:inst1
 17. Parameter Settings for User Entity Instance: tanDp:inst|lpm_counter0:inst1|lpm_counter:LPM_COUNTER_component
 18. Parameter Settings for User Entity Instance: tanDp:inst|LPM_DFF:EReg
 19. Parameter Settings for User Entity Instance: tanDp:inst|lpm_mux1:inst5|lpm_mux:LPM_MUX_component
 20. Parameter Settings for User Entity Instance: tanDp:inst|lpm_add_sub0:inst6|lpm_add_sub:LPM_ADD_SUB_component
 21. Parameter Settings for User Entity Instance: tanDp:inst|LPM_DFF:SReg
 22. Parameter Settings for User Entity Instance: tanDp:inst|lpm_mult0:inst3|lpm_mult:lpm_mult_component
 23. Parameter Settings for User Entity Instance: tanDp:inst|lpm_mux0:inst2|lpm_mux:LPM_MUX_component
 24. Parameter Settings for User Entity Instance: tanDp:inst|rom1:inst|altsyncram:altsyncram_component
 25. Parameter Settings for User Entity Instance: tanDp:inst|LPM_DFF:TReg
 26. Parameter Settings for User Entity Instance: tanDp:inst|lpm_mux1:inst4|lpm_mux:LPM_MUX_component
 27. Parameter Settings for User Entity Instance: tanDp:inst|LPM_DFF:X2Reg
 28. lpm_mult Parameter Settings by Entity Instance
 29. altsyncram Parameter Settings by Entity Instance
 30. Elapsed Time Per Partition
 31. Analysis & Synthesis Messages
 32. Analysis & Synthesis Suppressed Messages



----------------
; Legal Notice ;
----------------
Copyright (C) 1991-2013 Altera Corporation
Your use of Altera Corporation's design tools, logic functions 
and other software and tools, and its AMPP partner logic 
functions, and any output files from any of the foregoing 
(including device programming or simulation files), and any 
associated documentation or information are expressly subject 
to the terms and conditions of the Altera Program License 
Subscription Agreement, Altera MegaCore Function License 
Agreement, or other applicable license agreement, including, 
without limitation, that your use is for the sole purpose of 
programming logic devices manufactured by Altera and sold by 
Altera or its authorized distributors.  Please refer to the 
applicable agreement for further details.



+--------------------------------------------------------------------------------------+
; Analysis & Synthesis Summary                                                         ;
+------------------------------------+-------------------------------------------------+
; Analysis & Synthesis Status        ; Successful - Fri Jan 04 23:48:32 2019           ;
; Quartus II 64-Bit Version          ; 13.0.1 Build 232 06/12/2013 SP 1 SJ Web Edition ;
; Revision Name                      ; TanX                                            ;
; Top-level Entity Name              ; TanX                                            ;
; Family                             ; Cyclone II                                      ;
; Total logic elements               ; 112                                             ;
;     Total combinational functions  ; 77                                              ;
;     Dedicated logic registers      ; 75                                              ;
; Total registers                    ; 75                                              ;
; Total pins                         ; 37                                              ;
; Total virtual pins                 ; 0                                               ;
; Total memory bits                  ; 256                                             ;
; Embedded Multiplier 9-bit elements ; 2                                               ;
; Total PLLs                         ; 0                                               ;
+------------------------------------+-------------------------------------------------+


+----------------------------------------------------------------------------------------------------------------------+
; Analysis & Synthesis Settings                                                                                        ;
+----------------------------------------------------------------------------+--------------------+--------------------+
; Option                                                                     ; Setting            ; Default Value      ;
+----------------------------------------------------------------------------+--------------------+--------------------+
; Device                                                                     ; EP2C5AF256A7       ;                    ;
; Top-level entity name                                                      ; TanX               ; TanX               ;
; Family name                                                                ; Cyclone II         ; Cyclone IV GX      ;
; Use smart compilation                                                      ; Off                ; Off                ;
; Enable parallel Assembler and TimeQuest Timing Analyzer during compilation ; On                 ; On                 ;
; Enable compact report table                                                ; Off                ; Off                ;
; Restructure Multiplexers                                                   ; Auto               ; Auto               ;
; Create Debugging Nodes for IP Cores                                        ; Off                ; Off                ;
; Preserve fewer node names                                                  ; On                 ; On                 ;
; Disable OpenCore Plus hardware evaluation                                  ; Off                ; Off                ;
; Verilog Version                                                            ; Verilog_2001       ; Verilog_2001       ;
; VHDL Version                                                               ; VHDL_1993          ; VHDL_1993          ;
; State Machine Processing                                                   ; Auto               ; Auto               ;
; Safe State Machine                                                         ; Off                ; Off                ;
; Extract Verilog State Machines                                             ; On                 ; On                 ;
; Extract VHDL State Machines                                                ; On                 ; On                 ;
; Ignore Verilog initial constructs                                          ; Off                ; Off                ;
; Iteration limit for constant Verilog loops                                 ; 5000               ; 5000               ;
; Iteration limit for non-constant Verilog loops                             ; 250                ; 250                ;
; Add Pass-Through Logic to Inferred RAMs                                    ; On                 ; On                 ;
; Infer RAMs from Raw Logic                                                  ; On                 ; On                 ;
; Parallel Synthesis                                                         ; On                 ; On                 ;
; DSP Block Balancing                                                        ; Auto               ; Auto               ;
; NOT Gate Push-Back                                                         ; On                 ; On                 ;
; Power-Up Don't Care                                                        ; On                 ; On                 ;
; Remove Redundant Logic Cells                                               ; Off                ; Off                ;
; Remove Duplicate Registers                                                 ; On                 ; On                 ;
; Ignore CARRY Buffers                                                       ; Off                ; Off                ;
; Ignore CASCADE Buffers                                                     ; Off                ; Off                ;
; Ignore GLOBAL Buffers                                                      ; Off                ; Off                ;
; Ignore ROW GLOBAL Buffers                                                  ; Off                ; Off                ;
; Ignore LCELL Buffers                                                       ; Off                ; Off                ;
; Ignore SOFT Buffers                                                        ; On                 ; On                 ;
; Limit AHDL Integers to 32 Bits                                             ; Off                ; Off                ;
; Optimization Technique                                                     ; Balanced           ; Balanced           ;
; Carry Chain Length                                                         ; 70                 ; 70                 ;
; Auto Carry Chains                                                          ; On                 ; On                 ;
; Auto Open-Drain Pins                                                       ; On                 ; On                 ;
; Perform WYSIWYG Primitive Resynthesis                                      ; Off                ; Off                ;
; Auto ROM Replacement                                                       ; On                 ; On                 ;
; Auto RAM Replacement                                                       ; On                 ; On                 ;
; Auto Shift Register Replacement                                            ; Auto               ; Auto               ;
; Allow Shift Register Merging across Hierarchies                            ; Auto               ; Auto               ;
; Auto Clock Enable Replacement                                              ; On                 ; On                 ;
; Strict RAM Replacement                                                     ; Off                ; Off                ;
; Allow Synchronous Control Signals                                          ; On                 ; On                 ;
; Force Use of Synchronous Clear Signals                                     ; Off                ; Off                ;
; Auto RAM to Logic Cell Conversion                                          ; Off                ; Off                ;
; Auto Resource Sharing                                                      ; Off                ; Off                ;
; Allow Any RAM Size For Recognition                                         ; Off                ; Off                ;
; Allow Any ROM Size For Recognition                                         ; Off                ; Off                ;
; Allow Any Shift Register Size For Recognition                              ; Off                ; Off                ;
; Use LogicLock Constraints during Resource Balancing                        ; On                 ; On                 ;
; Ignore translate_off and synthesis_off directives                          ; Off                ; Off                ;
; Timing-Driven Synthesis                                                    ; Off                ; Off                ;
; Report Parameter Settings                                                  ; On                 ; On                 ;
; Report Source Assignments                                                  ; On                 ; On                 ;
; Report Connectivity Checks                                                 ; On                 ; On                 ;
; Ignore Maximum Fan-Out Assignments                                         ; Off                ; Off                ;
; Synchronization Register Chain Length                                      ; 2                  ; 2                  ;
; PowerPlay Power Optimization                                               ; Normal compilation ; Normal compilation ;
; HDL message level                                                          ; Level2             ; Level2             ;
; Suppress Register Optimization Related Messages                            ; Off                ; Off                ;
; Number of Removed Registers Reported in Synthesis Report                   ; 5000               ; 5000               ;
; Number of Swept Nodes Reported in Synthesis Report                         ; 5000               ; 5000               ;
; Number of Inverted Registers Reported in Synthesis Report                  ; 100                ; 100                ;
; Clock MUX Protection                                                       ; On                 ; On                 ;
; Auto Gated Clock Conversion                                                ; Off                ; Off                ;
; Block Design Naming                                                        ; Auto               ; Auto               ;
; SDC constraint protection                                                  ; Off                ; Off                ;
; Synthesis Effort                                                           ; Auto               ; Auto               ;
; Shift Register Replacement - Allow Asynchronous Clear Signal               ; On                 ; On                 ;
; Pre-Mapping Resynthesis Optimization                                       ; Off                ; Off                ;
; Analysis & Synthesis Message Level                                         ; Medium             ; Medium             ;
; Disable Register Merging Across Hierarchies                                ; Auto               ; Auto               ;
; Resource Aware Inference For Block RAM                                     ; On                 ; On                 ;
; Synthesis Seed                                                             ; 1                  ; 1                  ;
+----------------------------------------------------------------------------+--------------------+--------------------+


Parallel compilation was disabled, but you have multiple processors available. Enable parallel compilation to reduce compilation time.
+-------------------------------------+
; Parallel Compilation                ;
+----------------------------+--------+
; Processors                 ; Number ;
+----------------------------+--------+
; Number detected on machine ; 8      ;
; Maximum allowed            ; 1      ;
+----------------------------+--------+


+-----------------------------------------------------------------------------------------------------------------------------------------------------------------------------------+
; Analysis & Synthesis Source Files Read                                                                                                                                            ;
+----------------------------------+-----------------+----------------------------------------+---------------------------------------------------------------------------+---------+
; File Name with User-Entered Path ; Used in Netlist ; File Type                              ; File Name with Absolute Path                                              ; Library ;
+----------------------------------+-----------------+----------------------------------------+---------------------------------------------------------------------------+---------+
; tanDp.bdf                        ; yes             ; User Block Diagram/Schematic File      ; C:/Users/Taha/Desktop/CA6/tanDp.bdf                                       ;         ;
; rom1.v                           ; yes             ; User Wizard-Generated File             ; C:/Users/Taha/Desktop/CA6/rom1.v                                          ;         ;
; lpm_counter0.v                   ; yes             ; User Wizard-Generated File             ; C:/Users/Taha/Desktop/CA6/lpm_counter0.v                                  ;         ;
; lpm_mux0.v                       ; yes             ; User Wizard-Generated File             ; C:/Users/Taha/Desktop/CA6/lpm_mux0.v                                      ;         ;
; lpm_mult0.v                      ; yes             ; User Wizard-Generated File             ; C:/Users/Taha/Desktop/CA6/lpm_mult0.v                                     ;         ;
; TanX.bdf                         ; yes             ; User Block Diagram/Schematic File      ; C:/Users/Taha/Desktop/CA6/TanX.bdf                                        ;         ;
; lpm_mux1.v                       ; yes             ; User Wizard-Generated File             ; C:/Users/Taha/Desktop/CA6/lpm_mux1.v                                      ;         ;
; lpm_add_sub0.v                   ; yes             ; User Wizard-Generated File             ; C:/Users/Taha/Desktop/CA6/lpm_add_sub0.v                                  ;         ;
; tancntl.v                        ; yes             ; Auto-Found Verilog HDL File            ; C:/Users/Taha/Desktop/CA6/tancntl.v                                       ;         ;
; lpm_counter.tdf                  ; yes             ; Megafunction                           ; h:/altera/13.0sp1/quartus/libraries/megafunctions/lpm_counter.tdf         ;         ;
; lpm_constant.inc                 ; yes             ; Megafunction                           ; h:/altera/13.0sp1/quartus/libraries/megafunctions/lpm_constant.inc        ;         ;
; lpm_decode.inc                   ; yes             ; Megafunction                           ; h:/altera/13.0sp1/quartus/libraries/megafunctions/lpm_decode.inc          ;         ;
; lpm_add_sub.inc                  ; yes             ; Megafunction                           ; h:/altera/13.0sp1/quartus/libraries/megafunctions/lpm_add_sub.inc         ;         ;
; cmpconst.inc                     ; yes             ; Megafunction                           ; h:/altera/13.0sp1/quartus/libraries/megafunctions/cmpconst.inc            ;         ;
; lpm_compare.inc                  ; yes             ; Megafunction                           ; h:/altera/13.0sp1/quartus/libraries/megafunctions/lpm_compare.inc         ;         ;
; lpm_counter.inc                  ; yes             ; Megafunction                           ; h:/altera/13.0sp1/quartus/libraries/megafunctions/lpm_counter.inc         ;         ;
; dffeea.inc                       ; yes             ; Megafunction                           ; h:/altera/13.0sp1/quartus/libraries/megafunctions/dffeea.inc              ;         ;
; alt_counter_stratix.inc          ; yes             ; Megafunction                           ; h:/altera/13.0sp1/quartus/libraries/megafunctions/alt_counter_stratix.inc ;         ;
; aglobal130.inc                   ; yes             ; Megafunction                           ; h:/altera/13.0sp1/quartus/libraries/megafunctions/aglobal130.inc          ;         ;
; db/cntr_edk.tdf                  ; yes             ; Auto-Generated Megafunction            ; C:/Users/Taha/Desktop/CA6/db/cntr_edk.tdf                                 ;         ;
; lpm_dff.tdf                      ; yes             ; Megafunction                           ; h:/altera/13.0sp1/quartus/libraries/megafunctions/lpm_dff.tdf             ;         ;
; lpm_mux.tdf                      ; yes             ; Megafunction                           ; h:/altera/13.0sp1/quartus/libraries/megafunctions/lpm_mux.tdf             ;         ;
; muxlut.inc                       ; yes             ; Megafunction                           ; h:/altera/13.0sp1/quartus/libraries/megafunctions/muxlut.inc              ;         ;
; bypassff.inc                     ; yes             ; Megafunction                           ; h:/altera/13.0sp1/quartus/libraries/megafunctions/bypassff.inc            ;         ;
; altshift.inc                     ; yes             ; Megafunction                           ; h:/altera/13.0sp1/quartus/libraries/megafunctions/altshift.inc            ;         ;
; db/mux_boc.tdf                   ; yes             ; Auto-Generated Megafunction            ; C:/Users/Taha/Desktop/CA6/db/mux_boc.tdf                                  ;         ;
; lpm_add_sub.tdf                  ; yes             ; Megafunction                           ; h:/altera/13.0sp1/quartus/libraries/megafunctions/lpm_add_sub.tdf         ;         ;
; addcore.inc                      ; yes             ; Megafunction                           ; h:/altera/13.0sp1/quartus/libraries/megafunctions/addcore.inc             ;         ;
; look_add.inc                     ; yes             ; Megafunction                           ; h:/altera/13.0sp1/quartus/libraries/megafunctions/look_add.inc            ;         ;
; alt_stratix_add_sub.inc          ; yes             ; Megafunction                           ; h:/altera/13.0sp1/quartus/libraries/megafunctions/alt_stratix_add_sub.inc ;         ;
; db/add_sub_rlh.tdf               ; yes             ; Auto-Generated Megafunction            ; C:/Users/Taha/Desktop/CA6/db/add_sub_rlh.tdf                              ;         ;
; lpm_mult.tdf                     ; yes             ; Megafunction                           ; h:/altera/13.0sp1/quartus/libraries/megafunctions/lpm_mult.tdf            ;         ;
; multcore.inc                     ; yes             ; Megafunction                           ; h:/altera/13.0sp1/quartus/libraries/megafunctions/multcore.inc            ;         ;
; db/mult_8bn.tdf                  ; yes             ; Auto-Generated Megafunction            ; C:/Users/Taha/Desktop/CA6/db/mult_8bn.tdf                                 ;         ;
; db/mux_doc.tdf                   ; yes             ; Auto-Generated Megafunction            ; C:/Users/Taha/Desktop/CA6/db/mux_doc.tdf                                  ;         ;
; altsyncram.tdf                   ; yes             ; Megafunction                           ; h:/altera/13.0sp1/quartus/libraries/megafunctions/altsyncram.tdf          ;         ;
; stratix_ram_block.inc            ; yes             ; Megafunction                           ; h:/altera/13.0sp1/quartus/libraries/megafunctions/stratix_ram_block.inc   ;         ;
; lpm_mux.inc                      ; yes             ; Megafunction                           ; h:/altera/13.0sp1/quartus/libraries/megafunctions/lpm_mux.inc             ;         ;
; a_rdenreg.inc                    ; yes             ; Megafunction                           ; h:/altera/13.0sp1/quartus/libraries/megafunctions/a_rdenreg.inc           ;         ;
; altrom.inc                       ; yes             ; Megafunction                           ; h:/altera/13.0sp1/quartus/libraries/megafunctions/altrom.inc              ;         ;
; altram.inc                       ; yes             ; Megafunction                           ; h:/altera/13.0sp1/quartus/libraries/megafunctions/altram.inc              ;         ;
; altdpram.inc                     ; yes             ; Megafunction                           ; h:/altera/13.0sp1/quartus/libraries/megafunctions/altdpram.inc            ;         ;
; db/altsyncram_nj71.tdf           ; yes             ; Auto-Generated Megafunction            ; C:/Users/Taha/Desktop/CA6/db/altsyncram_nj71.tdf                          ;         ;
; romi.mif                         ; yes             ; Auto-Found Memory Initialization File  ; C:/Users/Taha/Desktop/CA6/romi.mif                                        ;         ;
+----------------------------------+-----------------+----------------------------------------+---------------------------------------------------------------------------+---------+


+-----------------------------------------------------+
; Analysis & Synthesis Resource Usage Summary         ;
+---------------------------------------------+-------+
; Resource                                    ; Usage ;
+---------------------------------------------+-------+
; Estimated Total logic elements              ; 112   ;
;                                             ;       ;
; Total combinational functions               ; 77    ;
; Logic element usage by number of LUT inputs ;       ;
;     -- 4 input functions                    ; 17    ;
;     -- 3 input functions                    ; 49    ;
;     -- <=2 input functions                  ; 11    ;
;                                             ;       ;
; Logic elements by mode                      ;       ;
;     -- normal mode                          ; 58    ;
;     -- arithmetic mode                      ; 19    ;
;                                             ;       ;
; Total registers                             ; 75    ;
;     -- Dedicated logic registers            ; 75    ;
;     -- I/O registers                        ; 0     ;
;                                             ;       ;
; I/O pins                                    ; 37    ;
; Total memory bits                           ; 256   ;
; Embedded Multiplier 9-bit elements          ; 2     ;
; Maximum fan-out node                        ; clk   ;
; Maximum fan-out                             ; 91    ;
; Total fan-out                               ; 694   ;
; Average fan-out                             ; 3.35  ;
+---------------------------------------------+-------+


+-------------------------------------------------------------------------------------------------------------------------------------------------------------------------------------------------------------------------------------------------------------------------+
; Analysis & Synthesis Resource Utilization by Entity                                                                                                                                                                                                                     ;
+----------------------------------------------+-------------------+--------------+-------------+--------------+---------+-----------+------+--------------+-----------------------------------------------------------------------------------------------+--------------+
; Compilation Hierarchy Node                   ; LC Combinationals ; LC Registers ; Memory Bits ; DSP Elements ; DSP 9x9 ; DSP 18x18 ; Pins ; Virtual Pins ; Full Hierarchy Name                                                                           ; Library Name ;
+----------------------------------------------+-------------------+--------------+-------------+--------------+---------+-----------+------+--------------+-----------------------------------------------------------------------------------------------+--------------+
; |TanX                                        ; 77 (1)            ; 75 (0)       ; 256         ; 2            ; 0       ; 1         ; 37   ; 0            ; |TanX                                                                                         ; work         ;
;    |tanCntl:inst1|                           ; 7 (7)             ; 7 (7)        ; 0           ; 0            ; 0       ; 0         ; 0    ; 0            ; |TanX|tanCntl:inst1                                                                           ; work         ;
;    |tanDp:inst|                              ; 69 (0)            ; 68 (0)       ; 256         ; 2            ; 0       ; 1         ; 0    ; 0            ; |TanX|tanDp:inst                                                                              ; work         ;
;       |lpm_counter0:inst1|                   ; 5 (0)             ; 4 (0)        ; 0           ; 0            ; 0       ; 0         ; 0    ; 0            ; |TanX|tanDp:inst|lpm_counter0:inst1                                                           ; work         ;
;          |lpm_counter:LPM_COUNTER_component| ; 5 (0)             ; 4 (0)        ; 0           ; 0            ; 0       ; 0         ; 0    ; 0            ; |TanX|tanDp:inst|lpm_counter0:inst1|lpm_counter:LPM_COUNTER_component                         ; work         ;
;             |cntr_edk:auto_generated|        ; 5 (5)             ; 4 (4)        ; 0           ; 0            ; 0       ; 0         ; 0    ; 0            ; |TanX|tanDp:inst|lpm_counter0:inst1|lpm_counter:LPM_COUNTER_component|cntr_edk:auto_generated ; work         ;
;       |lpm_dff:EReg|                         ; 16 (16)           ; 16 (16)      ; 0           ; 0            ; 0       ; 0         ; 0    ; 0            ; |TanX|tanDp:inst|lpm_dff:EReg                                                                 ; work         ;
;       |lpm_dff:SReg|                         ; 0 (0)             ; 16 (16)      ; 0           ; 0            ; 0       ; 0         ; 0    ; 0            ; |TanX|tanDp:inst|lpm_dff:SReg                                                                 ; work         ;
;       |lpm_dff:TReg|                         ; 0 (0)             ; 16 (16)      ; 0           ; 0            ; 0       ; 0         ; 0    ; 0            ; |TanX|tanDp:inst|lpm_dff:TReg                                                                 ; work         ;
;       |lpm_dff:X2Reg|                        ; 0 (0)             ; 16 (16)      ; 0           ; 0            ; 0       ; 0         ; 0    ; 0            ; |TanX|tanDp:inst|lpm_dff:X2Reg                                                                ; work         ;
;       |lpm_mult0:inst3|                      ; 0 (0)             ; 0 (0)        ; 0           ; 2            ; 0       ; 1         ; 0    ; 0            ; |TanX|tanDp:inst|lpm_mult0:inst3                                                              ; work         ;
;          |lpm_mult:lpm_mult_component|       ; 0 (0)             ; 0 (0)        ; 0           ; 2            ; 0       ; 1         ; 0    ; 0            ; |TanX|tanDp:inst|lpm_mult0:inst3|lpm_mult:lpm_mult_component                                  ; work         ;
;             |mult_8bn:auto_generated|        ; 0 (0)             ; 0 (0)        ; 0           ; 2            ; 0       ; 1         ; 0    ; 0            ; |TanX|tanDp:inst|lpm_mult0:inst3|lpm_mult:lpm_mult_component|mult_8bn:auto_generated          ; work         ;
;       |lpm_mux0:inst2|                       ; 32 (0)            ; 0 (0)        ; 0           ; 0            ; 0       ; 0         ; 0    ; 0            ; |TanX|tanDp:inst|lpm_mux0:inst2                                                               ; work         ;
;          |lpm_mux:LPM_MUX_component|         ; 32 (0)            ; 0 (0)        ; 0           ; 0            ; 0       ; 0         ; 0    ; 0            ; |TanX|tanDp:inst|lpm_mux0:inst2|lpm_mux:LPM_MUX_component                                     ; work         ;
;             |mux_doc:auto_generated|         ; 32 (32)           ; 0 (0)        ; 0           ; 0            ; 0       ; 0         ; 0    ; 0            ; |TanX|tanDp:inst|lpm_mux0:inst2|lpm_mux:LPM_MUX_component|mux_doc:auto_generated              ; work         ;
;       |lpm_mux1:inst4|                       ; 16 (0)            ; 0 (0)        ; 0           ; 0            ; 0       ; 0         ; 0    ; 0            ; |TanX|tanDp:inst|lpm_mux1:inst4                                                               ; work         ;
;          |lpm_mux:LPM_MUX_component|         ; 16 (0)            ; 0 (0)        ; 0           ; 0            ; 0       ; 0         ; 0    ; 0            ; |TanX|tanDp:inst|lpm_mux1:inst4|lpm_mux:LPM_MUX_component                                     ; work         ;
;             |mux_boc:auto_generated|         ; 16 (16)           ; 0 (0)        ; 0           ; 0            ; 0       ; 0         ; 0    ; 0            ; |TanX|tanDp:inst|lpm_mux1:inst4|lpm_mux:LPM_MUX_component|mux_boc:auto_generated              ; work         ;
;       |rom1:inst|                            ; 0 (0)             ; 0 (0)        ; 256         ; 0            ; 0       ; 0         ; 0    ; 0            ; |TanX|tanDp:inst|rom1:inst                                                                    ; work         ;
;          |altsyncram:altsyncram_component|   ; 0 (0)             ; 0 (0)        ; 256         ; 0            ; 0       ; 0         ; 0    ; 0            ; |TanX|tanDp:inst|rom1:inst|altsyncram:altsyncram_component                                    ; work         ;
;             |altsyncram_nj71:auto_generated| ; 0 (0)             ; 0 (0)        ; 256         ; 0            ; 0       ; 0         ; 0    ; 0            ; |TanX|tanDp:inst|rom1:inst|altsyncram:altsyncram_component|altsyncram_nj71:auto_generated     ; work         ;
+----------------------------------------------+-------------------+--------------+-------------+--------------+---------+-----------+------+--------------+-----------------------------------------------------------------------------------------------+--------------+
Note: For table entries with two numbers listed, the numbers in parentheses indicate the number of resources of the given type used by the specific entity alone. The numbers listed outside of parentheses indicate the total resources of the given type used by the specific entity and all of its sub-entities in the hierarchy.


+--------------------------------------------------------------------------------------------------------------------------------------------------------------------------------------------+
; Analysis & Synthesis RAM Summary                                                                                                                                                           ;
+------------------------------------------------------------------------------------------------+------+------+--------------+--------------+--------------+--------------+------+----------+
; Name                                                                                           ; Type ; Mode ; Port A Depth ; Port A Width ; Port B Depth ; Port B Width ; Size ; MIF      ;
+------------------------------------------------------------------------------------------------+------+------+--------------+--------------+--------------+--------------+------+----------+
; tanDp:inst|rom1:inst|altsyncram:altsyncram_component|altsyncram_nj71:auto_generated|ALTSYNCRAM ; AUTO ; ROM  ; 16           ; 16           ; --           ; --           ; 256  ; romi.mif ;
+------------------------------------------------------------------------------------------------+------+------+--------------+--------------+--------------+--------------+------+----------+


+-----------------------------------------------------+
; Analysis & Synthesis DSP Block Usage Summary        ;
+---------------------------------------+-------------+
; Statistic                             ; Number Used ;
+---------------------------------------+-------------+
; Simple Multipliers (9-bit)            ; 0           ;
; Simple Multipliers (18-bit)           ; 1           ;
; Embedded Multiplier Blocks            ; --          ;
; Embedded Multiplier 9-bit elements    ; 2           ;
; Signed Embedded Multipliers           ; 0           ;
; Unsigned Embedded Multipliers         ; 1           ;
; Mixed Sign Embedded Multipliers       ; 0           ;
; Variable Sign Embedded Multipliers    ; 0           ;
; Dedicated Input Shift Register Chains ; 0           ;
+---------------------------------------+-------------+
Note: number of Embedded Multiplier Blocks used is only available after a successful fit.


+------------------------------------------------------------------------------------------------------------------------------------------------+
; Analysis & Synthesis IP Cores Summary                                                                                                          ;
+--------+--------------+---------+--------------+--------------+-------------------------------------+------------------------------------------+
; Vendor ; IP Core Name ; Version ; Release Date ; License Type ; Entity Instance                     ; IP Include File                          ;
+--------+--------------+---------+--------------+--------------+-------------------------------------+------------------------------------------+
; Altera ; ROM: 1-PORT  ; 13.0    ; N/A          ; N/A          ; |TanX|tanDp:inst|rom1:inst          ; C:/Users/Taha/Desktop/CA6/rom1.v         ;
; Altera ; LPM_COUNTER  ; 13.0    ; N/A          ; N/A          ; |TanX|tanDp:inst|lpm_counter0:inst1 ; C:/Users/Taha/Desktop/CA6/lpm_counter0.v ;
; Altera ; LPM_MUX      ; 13.0    ; N/A          ; N/A          ; |TanX|tanDp:inst|lpm_mux0:inst2     ; C:/Users/Taha/Desktop/CA6/lpm_mux0.v     ;
; Altera ; LPM_MULT     ; 13.0    ; N/A          ; N/A          ; |TanX|tanDp:inst|lpm_mult0:inst3    ; C:/Users/Taha/Desktop/CA6/lpm_mult0.v    ;
; Altera ; LPM_MUX      ; 13.0    ; N/A          ; N/A          ; |TanX|tanDp:inst|lpm_mux1:inst4     ; C:/Users/Taha/Desktop/CA6/lpm_mux1.v     ;
; Altera ; LPM_MUX      ; 13.0    ; N/A          ; N/A          ; |TanX|tanDp:inst|lpm_mux1:inst5     ; C:/Users/Taha/Desktop/CA6/lpm_mux1.v     ;
; Altera ; LPM_ADD_SUB  ; 13.0    ; N/A          ; N/A          ; |TanX|tanDp:inst|lpm_add_sub0:inst6 ; C:/Users/Taha/Desktop/CA6/lpm_add_sub0.v ;
+--------+--------------+---------+--------------+--------------+-------------------------------------+------------------------------------------+


Encoding Type:  One-Hot
+---------------------------------------------------------------------------------------------+
; State Machine - |TanX|tanCntl:inst1|ps                                                      ;
+-------------+-----------+----------+----------+-----------+---------+-------------+---------+
; Name        ; ps.sumExp ; ps.mult2 ; ps.mult1 ; ps.makeX2 ; ps.init ; ps.starting ; ps.idle ;
+-------------+-----------+----------+----------+-----------+---------+-------------+---------+
; ps.idle     ; 0         ; 0        ; 0        ; 0         ; 0       ; 0           ; 0       ;
; ps.starting ; 0         ; 0        ; 0        ; 0         ; 0       ; 1           ; 1       ;
; ps.init     ; 0         ; 0        ; 0        ; 0         ; 1       ; 0           ; 1       ;
; ps.makeX2   ; 0         ; 0        ; 0        ; 1         ; 0       ; 0           ; 1       ;
; ps.mult1    ; 0         ; 0        ; 1        ; 0         ; 0       ; 0           ; 1       ;
; ps.mult2    ; 0         ; 1        ; 0        ; 0         ; 0       ; 0           ; 1       ;
; ps.sumExp   ; 1         ; 0        ; 0        ; 0         ; 0       ; 0           ; 1       ;
+-------------+-----------+----------+----------+-----------+---------+-------------+---------+


+------------------------------------------------------------+
; Registers Removed During Synthesis                         ;
+---------------------------------------+--------------------+
; Register name                         ; Reason for Removal ;
+---------------------------------------+--------------------+
; tanCntl:inst1|ps~4                    ; Lost fanout        ;
; tanCntl:inst1|ps~5                    ; Lost fanout        ;
; tanCntl:inst1|ps~6                    ; Lost fanout        ;
; Total Number of Removed Registers = 3 ;                    ;
+---------------------------------------+--------------------+


+------------------------------------------------------+
; General Register Statistics                          ;
+----------------------------------------------+-------+
; Statistic                                    ; Value ;
+----------------------------------------------+-------+
; Total registers                              ; 75    ;
; Number of registers using Synchronous Clear  ; 0     ;
; Number of registers using Synchronous Load   ; 20    ;
; Number of registers using Asynchronous Clear ; 71    ;
; Number of registers using Asynchronous Load  ; 0     ;
; Number of registers using Clock Enable       ; 68    ;
; Number of registers using Preset             ; 0     ;
+----------------------------------------------+-------+


+----------------------------------------------------------------------------------------------------------------------------------------------------------------------------------------------------------------+
; Multiplexer Restructuring Statistics (Restructuring Performed)                                                                                                                                                 ;
+--------------------+-----------+---------------+----------------------+------------------------+------------+--------------------------------------------------------------------------------------------------+
; Multiplexer Inputs ; Bus Width ; Baseline Area ; Area if Restructured ; Saving if Restructured ; Registered ; Example Multiplexer Output                                                                       ;
+--------------------+-----------+---------------+----------------------+------------------------+------------+--------------------------------------------------------------------------------------------------+
; 3:1                ; 16 bits   ; 32 LEs        ; 32 LEs               ; 0 LEs                  ; No         ; |TanX|tanDp:inst|lpm_mux0:inst2|lpm_mux:LPM_MUX_component|mux_doc:auto_generated|result_node[15] ;
+--------------------+-----------+---------------+----------------------+------------------------+------------+--------------------------------------------------------------------------------------------------+


+------------------------------------------------------------------------------------------------------------+
; Source assignments for tanDp:inst|rom1:inst|altsyncram:altsyncram_component|altsyncram_nj71:auto_generated ;
+---------------------------------+--------------------+------+----------------------------------------------+
; Assignment                      ; Value              ; From ; To                                           ;
+---------------------------------+--------------------+------+----------------------------------------------+
; OPTIMIZE_POWER_DURING_SYNTHESIS ; NORMAL_COMPILATION ; -    ; -                                            ;
+---------------------------------+--------------------+------+----------------------------------------------+


+------------------------------------------------------------+
; Parameter Settings for User Entity Instance: tanCntl:inst1 ;
+----------------+-------+-----------------------------------+
; Parameter Name ; Value ; Type                              ;
+----------------+-------+-----------------------------------+
; idle           ; 000   ; Unsigned Binary                   ;
; starting       ; 001   ; Unsigned Binary                   ;
; init           ; 010   ; Unsigned Binary                   ;
; makeX2         ; 011   ; Unsigned Binary                   ;
; mult1          ; 100   ; Unsigned Binary                   ;
; mult2          ; 101   ; Unsigned Binary                   ;
; sumExp         ; 110   ; Unsigned Binary                   ;
+----------------+-------+-----------------------------------+
Note: In order to hide this table in the UI and the text report file, please set the "Show Parameter Settings in Synthesis Report" option in "Analysis and Synthesis Settings -> More Settings" to "Off".


+--------------------------------------------------------------------------------------------------------------+
; Parameter Settings for User Entity Instance: tanDp:inst|lpm_counter0:inst1|lpm_counter:LPM_COUNTER_component ;
+------------------------+-------------+-----------------------------------------------------------------------+
; Parameter Name         ; Value       ; Type                                                                  ;
+------------------------+-------------+-----------------------------------------------------------------------+
; AUTO_CARRY_CHAINS      ; ON          ; AUTO_CARRY                                                            ;
; IGNORE_CARRY_BUFFERS   ; OFF         ; IGNORE_CARRY                                                          ;
; AUTO_CASCADE_CHAINS    ; ON          ; AUTO_CASCADE                                                          ;
; IGNORE_CASCADE_BUFFERS ; OFF         ; IGNORE_CASCADE                                                        ;
; LPM_WIDTH              ; 4           ; Signed Integer                                                        ;
; LPM_DIRECTION          ; UP          ; Untyped                                                               ;
; LPM_MODULUS            ; 0           ; Untyped                                                               ;
; LPM_AVALUE             ; UNUSED      ; Untyped                                                               ;
; LPM_SVALUE             ; 0           ; Untyped                                                               ;
; LPM_PORT_UPDOWN        ; PORT_UNUSED ; Untyped                                                               ;
; DEVICE_FAMILY          ; Cyclone II  ; Untyped                                                               ;
; CARRY_CHAIN            ; MANUAL      ; Untyped                                                               ;
; CARRY_CHAIN_LENGTH     ; 48          ; CARRY_CHAIN_LENGTH                                                    ;
; NOT_GATE_PUSH_BACK     ; ON          ; NOT_GATE_PUSH_BACK                                                    ;
; CARRY_CNT_EN           ; SMART       ; Untyped                                                               ;
; LABWIDE_SCLR           ; ON          ; Untyped                                                               ;
; USE_NEW_VERSION        ; TRUE        ; Untyped                                                               ;
; CBXI_PARAMETER         ; cntr_edk    ; Untyped                                                               ;
+------------------------+-------------+-----------------------------------------------------------------------+
Note: In order to hide this table in the UI and the text report file, please set the "Show Parameter Settings in Synthesis Report" option in "Analysis and Synthesis Settings -> More Settings" to "Off".


+----------------------------------------------------------------------+
; Parameter Settings for User Entity Instance: tanDp:inst|LPM_DFF:EReg ;
+------------------------+------------+--------------------------------+
; Parameter Name         ; Value      ; Type                           ;
+------------------------+------------+--------------------------------+
; LPM_WIDTH              ; 16         ; Signed Integer                 ;
; LPM_AVALUE             ; 0          ; Untyped                        ;
; LPM_SVALUE             ; 0          ; Untyped                        ;
; DEVICE_FAMILY          ; Cyclone II ; Untyped                        ;
; AUTO_CARRY_CHAINS      ; ON         ; AUTO_CARRY                     ;
; IGNORE_CARRY_BUFFERS   ; OFF        ; IGNORE_CARRY                   ;
; AUTO_CASCADE_CHAINS    ; ON         ; AUTO_CASCADE                   ;
; IGNORE_CASCADE_BUFFERS ; OFF        ; IGNORE_CASCADE                 ;
+------------------------+------------+--------------------------------+
Note: In order to hide this table in the UI and the text report file, please set the "Show Parameter Settings in Synthesis Report" option in "Analysis and Synthesis Settings -> More Settings" to "Off".


+--------------------------------------------------------------------------------------------------+
; Parameter Settings for User Entity Instance: tanDp:inst|lpm_mux1:inst5|lpm_mux:LPM_MUX_component ;
+------------------------+------------+------------------------------------------------------------+
; Parameter Name         ; Value      ; Type                                                       ;
+------------------------+------------+------------------------------------------------------------+
; AUTO_CARRY_CHAINS      ; ON         ; AUTO_CARRY                                                 ;
; IGNORE_CARRY_BUFFERS   ; OFF        ; IGNORE_CARRY                                               ;
; AUTO_CASCADE_CHAINS    ; ON         ; AUTO_CASCADE                                               ;
; IGNORE_CASCADE_BUFFERS ; OFF        ; IGNORE_CASCADE                                             ;
; LPM_WIDTH              ; 16         ; Signed Integer                                             ;
; LPM_SIZE               ; 2          ; Signed Integer                                             ;
; LPM_WIDTHS             ; 1          ; Signed Integer                                             ;
; LPM_PIPELINE           ; 0          ; Untyped                                                    ;
; CBXI_PARAMETER         ; mux_boc    ; Untyped                                                    ;
; DEVICE_FAMILY          ; Cyclone II ; Untyped                                                    ;
+------------------------+------------+------------------------------------------------------------+
Note: In order to hide this table in the UI and the text report file, please set the "Show Parameter Settings in Synthesis Report" option in "Analysis and Synthesis Settings -> More Settings" to "Off".


+--------------------------------------------------------------------------------------------------------------+
; Parameter Settings for User Entity Instance: tanDp:inst|lpm_add_sub0:inst6|lpm_add_sub:LPM_ADD_SUB_component ;
+------------------------+-------------+-----------------------------------------------------------------------+
; Parameter Name         ; Value       ; Type                                                                  ;
+------------------------+-------------+-----------------------------------------------------------------------+
; LPM_WIDTH              ; 16          ; Signed Integer                                                        ;
; LPM_REPRESENTATION     ; UNSIGNED    ; Untyped                                                               ;
; LPM_DIRECTION          ; ADD         ; Untyped                                                               ;
; ONE_INPUT_IS_CONSTANT  ; NO          ; Untyped                                                               ;
; LPM_PIPELINE           ; 0           ; Untyped                                                               ;
; MAXIMIZE_SPEED         ; 5           ; Untyped                                                               ;
; REGISTERED_AT_END      ; 0           ; Untyped                                                               ;
; OPTIMIZE_FOR_SPEED     ; 5           ; Untyped                                                               ;
; USE_CS_BUFFERS         ; 1           ; Untyped                                                               ;
; CARRY_CHAIN            ; MANUAL      ; Untyped                                                               ;
; CARRY_CHAIN_LENGTH     ; 48          ; CARRY_CHAIN_LENGTH                                                    ;
; DEVICE_FAMILY          ; Cyclone II  ; Untyped                                                               ;
; USE_WYS                ; OFF         ; Untyped                                                               ;
; STYLE                  ; FAST        ; Untyped                                                               ;
; CBXI_PARAMETER         ; add_sub_rlh ; Untyped                                                               ;
; AUTO_CARRY_CHAINS      ; ON          ; AUTO_CARRY                                                            ;
; IGNORE_CARRY_BUFFERS   ; OFF         ; IGNORE_CARRY                                                          ;
; AUTO_CASCADE_CHAINS    ; ON          ; AUTO_CASCADE                                                          ;
; IGNORE_CASCADE_BUFFERS ; OFF         ; IGNORE_CASCADE                                                        ;
+------------------------+-------------+-----------------------------------------------------------------------+
Note: In order to hide this table in the UI and the text report file, please set the "Show Parameter Settings in Synthesis Report" option in "Analysis and Synthesis Settings -> More Settings" to "Off".


+----------------------------------------------------------------------+
; Parameter Settings for User Entity Instance: tanDp:inst|LPM_DFF:SReg ;
+------------------------+------------+--------------------------------+
; Parameter Name         ; Value      ; Type                           ;
+------------------------+------------+--------------------------------+
; LPM_WIDTH              ; 16         ; Signed Integer                 ;
; LPM_AVALUE             ; 0          ; Untyped                        ;
; LPM_SVALUE             ; 0          ; Untyped                        ;
; DEVICE_FAMILY          ; Cyclone II ; Untyped                        ;
; AUTO_CARRY_CHAINS      ; ON         ; AUTO_CARRY                     ;
; IGNORE_CARRY_BUFFERS   ; OFF        ; IGNORE_CARRY                   ;
; AUTO_CASCADE_CHAINS    ; ON         ; AUTO_CASCADE                   ;
; IGNORE_CASCADE_BUFFERS ; OFF        ; IGNORE_CASCADE                 ;
+------------------------+------------+--------------------------------+
Note: In order to hide this table in the UI and the text report file, please set the "Show Parameter Settings in Synthesis Report" option in "Analysis and Synthesis Settings -> More Settings" to "Off".


+-----------------------------------------------------------------------------------------------------+
; Parameter Settings for User Entity Instance: tanDp:inst|lpm_mult0:inst3|lpm_mult:lpm_mult_component ;
+------------------------------------------------+------------+---------------------------------------+
; Parameter Name                                 ; Value      ; Type                                  ;
+------------------------------------------------+------------+---------------------------------------+
; AUTO_CARRY_CHAINS                              ; ON         ; AUTO_CARRY                            ;
; IGNORE_CARRY_BUFFERS                           ; OFF        ; IGNORE_CARRY                          ;
; AUTO_CASCADE_CHAINS                            ; ON         ; AUTO_CASCADE                          ;
; IGNORE_CASCADE_BUFFERS                         ; OFF        ; IGNORE_CASCADE                        ;
; LPM_WIDTHA                                     ; 16         ; Signed Integer                        ;
; LPM_WIDTHB                                     ; 16         ; Signed Integer                        ;
; LPM_WIDTHP                                     ; 16         ; Signed Integer                        ;
; LPM_WIDTHR                                     ; 0          ; Untyped                               ;
; LPM_WIDTHS                                     ; 1          ; Untyped                               ;
; LPM_REPRESENTATION                             ; UNSIGNED   ; Untyped                               ;
; LPM_PIPELINE                                   ; 0          ; Untyped                               ;
; LATENCY                                        ; 0          ; Untyped                               ;
; INPUT_A_IS_CONSTANT                            ; NO         ; Untyped                               ;
; INPUT_B_IS_CONSTANT                            ; NO         ; Untyped                               ;
; USE_EAB                                        ; OFF        ; Untyped                               ;
; MAXIMIZE_SPEED                                 ; 5          ; Untyped                               ;
; DEVICE_FAMILY                                  ; Cyclone II ; Untyped                               ;
; CARRY_CHAIN                                    ; MANUAL     ; Untyped                               ;
; APEX20K_TECHNOLOGY_MAPPER                      ; LUT        ; TECH_MAPPER_APEX20K                   ;
; DEDICATED_MULTIPLIER_CIRCUITRY                 ; AUTO       ; Untyped                               ;
; DEDICATED_MULTIPLIER_MIN_INPUT_WIDTH_FOR_AUTO  ; 0          ; Untyped                               ;
; DEDICATED_MULTIPLIER_MIN_OUTPUT_WIDTH_FOR_AUTO ; 0          ; Untyped                               ;
; CBXI_PARAMETER                                 ; mult_8bn   ; Untyped                               ;
; INPUT_A_FIXED_VALUE                            ; Bx         ; Untyped                               ;
; INPUT_B_FIXED_VALUE                            ; Bx         ; Untyped                               ;
; USE_AHDL_IMPLEMENTATION                        ; OFF        ; Untyped                               ;
+------------------------------------------------+------------+---------------------------------------+
Note: In order to hide this table in the UI and the text report file, please set the "Show Parameter Settings in Synthesis Report" option in "Analysis and Synthesis Settings -> More Settings" to "Off".


+--------------------------------------------------------------------------------------------------+
; Parameter Settings for User Entity Instance: tanDp:inst|lpm_mux0:inst2|lpm_mux:LPM_MUX_component ;
+------------------------+------------+------------------------------------------------------------+
; Parameter Name         ; Value      ; Type                                                       ;
+------------------------+------------+------------------------------------------------------------+
; AUTO_CARRY_CHAINS      ; ON         ; AUTO_CARRY                                                 ;
; IGNORE_CARRY_BUFFERS   ; OFF        ; IGNORE_CARRY                                               ;
; AUTO_CASCADE_CHAINS    ; ON         ; AUTO_CASCADE                                               ;
; IGNORE_CASCADE_BUFFERS ; OFF        ; IGNORE_CASCADE                                             ;
; LPM_WIDTH              ; 16         ; Signed Integer                                             ;
; LPM_SIZE               ; 3          ; Signed Integer                                             ;
; LPM_WIDTHS             ; 2          ; Signed Integer                                             ;
; LPM_PIPELINE           ; 0          ; Untyped                                                    ;
; CBXI_PARAMETER         ; mux_doc    ; Untyped                                                    ;
; DEVICE_FAMILY          ; Cyclone II ; Untyped                                                    ;
+------------------------+------------+------------------------------------------------------------+
Note: In order to hide this table in the UI and the text report file, please set the "Show Parameter Settings in Synthesis Report" option in "Analysis and Synthesis Settings -> More Settings" to "Off".


+---------------------------------------------------------------------------------------------------+
; Parameter Settings for User Entity Instance: tanDp:inst|rom1:inst|altsyncram:altsyncram_component ;
+------------------------------------+----------------------+---------------------------------------+
; Parameter Name                     ; Value                ; Type                                  ;
+------------------------------------+----------------------+---------------------------------------+
; BYTE_SIZE_BLOCK                    ; 8                    ; Untyped                               ;
; AUTO_CARRY_CHAINS                  ; ON                   ; AUTO_CARRY                            ;
; IGNORE_CARRY_BUFFERS               ; OFF                  ; IGNORE_CARRY                          ;
; AUTO_CASCADE_CHAINS                ; ON                   ; AUTO_CASCADE                          ;
; IGNORE_CASCADE_BUFFERS             ; OFF                  ; IGNORE_CASCADE                        ;
; WIDTH_BYTEENA                      ; 1                    ; Untyped                               ;
; OPERATION_MODE                     ; ROM                  ; Untyped                               ;
; WIDTH_A                            ; 16                   ; Signed Integer                        ;
; WIDTHAD_A                          ; 4                    ; Signed Integer                        ;
; NUMWORDS_A                         ; 16                   ; Signed Integer                        ;
; OUTDATA_REG_A                      ; UNREGISTERED         ; Untyped                               ;
; ADDRESS_ACLR_A                     ; NONE                 ; Untyped                               ;
; OUTDATA_ACLR_A                     ; NONE                 ; Untyped                               ;
; WRCONTROL_ACLR_A                   ; NONE                 ; Untyped                               ;
; INDATA_ACLR_A                      ; NONE                 ; Untyped                               ;
; BYTEENA_ACLR_A                     ; NONE                 ; Untyped                               ;
; WIDTH_B                            ; 1                    ; Untyped                               ;
; WIDTHAD_B                          ; 1                    ; Untyped                               ;
; NUMWORDS_B                         ; 1                    ; Untyped                               ;
; INDATA_REG_B                       ; CLOCK1               ; Untyped                               ;
; WRCONTROL_WRADDRESS_REG_B          ; CLOCK1               ; Untyped                               ;
; RDCONTROL_REG_B                    ; CLOCK1               ; Untyped                               ;
; ADDRESS_REG_B                      ; CLOCK1               ; Untyped                               ;
; OUTDATA_REG_B                      ; UNREGISTERED         ; Untyped                               ;
; BYTEENA_REG_B                      ; CLOCK1               ; Untyped                               ;
; INDATA_ACLR_B                      ; NONE                 ; Untyped                               ;
; WRCONTROL_ACLR_B                   ; NONE                 ; Untyped                               ;
; ADDRESS_ACLR_B                     ; NONE                 ; Untyped                               ;
; OUTDATA_ACLR_B                     ; NONE                 ; Untyped                               ;
; RDCONTROL_ACLR_B                   ; NONE                 ; Untyped                               ;
; BYTEENA_ACLR_B                     ; NONE                 ; Untyped                               ;
; WIDTH_BYTEENA_A                    ; 1                    ; Signed Integer                        ;
; WIDTH_BYTEENA_B                    ; 1                    ; Untyped                               ;
; RAM_BLOCK_TYPE                     ; AUTO                 ; Untyped                               ;
; BYTE_SIZE                          ; 8                    ; Untyped                               ;
; READ_DURING_WRITE_MODE_MIXED_PORTS ; DONT_CARE            ; Untyped                               ;
; READ_DURING_WRITE_MODE_PORT_A      ; NEW_DATA_NO_NBE_READ ; Untyped                               ;
; READ_DURING_WRITE_MODE_PORT_B      ; NEW_DATA_NO_NBE_READ ; Untyped                               ;
; INIT_FILE                          ; romi.mif             ; Untyped                               ;
; INIT_FILE_LAYOUT                   ; PORT_A               ; Untyped                               ;
; MAXIMUM_DEPTH                      ; 0                    ; Untyped                               ;
; CLOCK_ENABLE_INPUT_A               ; BYPASS               ; Untyped                               ;
; CLOCK_ENABLE_INPUT_B               ; NORMAL               ; Untyped                               ;
; CLOCK_ENABLE_OUTPUT_A              ; BYPASS               ; Untyped                               ;
; CLOCK_ENABLE_OUTPUT_B              ; NORMAL               ; Untyped                               ;
; CLOCK_ENABLE_CORE_A                ; USE_INPUT_CLKEN      ; Untyped                               ;
; CLOCK_ENABLE_CORE_B                ; USE_INPUT_CLKEN      ; Untyped                               ;
; ENABLE_ECC                         ; FALSE                ; Untyped                               ;
; ECC_PIPELINE_STAGE_ENABLED         ; FALSE                ; Untyped                               ;
; WIDTH_ECCSTATUS                    ; 3                    ; Untyped                               ;
; DEVICE_FAMILY                      ; Cyclone II           ; Untyped                               ;
; CBXI_PARAMETER                     ; altsyncram_nj71      ; Untyped                               ;
+------------------------------------+----------------------+---------------------------------------+
Note: In order to hide this table in the UI and the text report file, please set the "Show Parameter Settings in Synthesis Report" option in "Analysis and Synthesis Settings -> More Settings" to "Off".


+----------------------------------------------------------------------+
; Parameter Settings for User Entity Instance: tanDp:inst|LPM_DFF:TReg ;
+------------------------+------------+--------------------------------+
; Parameter Name         ; Value      ; Type                           ;
+------------------------+------------+--------------------------------+
; LPM_WIDTH              ; 16         ; Signed Integer                 ;
; LPM_AVALUE             ; 0          ; Untyped                        ;
; LPM_SVALUE             ; 0          ; Untyped                        ;
; DEVICE_FAMILY          ; Cyclone II ; Untyped                        ;
; AUTO_CARRY_CHAINS      ; ON         ; AUTO_CARRY                     ;
; IGNORE_CARRY_BUFFERS   ; OFF        ; IGNORE_CARRY                   ;
; AUTO_CASCADE_CHAINS    ; ON         ; AUTO_CASCADE                   ;
; IGNORE_CASCADE_BUFFERS ; OFF        ; IGNORE_CASCADE                 ;
+------------------------+------------+--------------------------------+
Note: In order to hide this table in the UI and the text report file, please set the "Show Parameter Settings in Synthesis Report" option in "Analysis and Synthesis Settings -> More Settings" to "Off".


+--------------------------------------------------------------------------------------------------+
; Parameter Settings for User Entity Instance: tanDp:inst|lpm_mux1:inst4|lpm_mux:LPM_MUX_component ;
+------------------------+------------+------------------------------------------------------------+
; Parameter Name         ; Value      ; Type                                                       ;
+------------------------+------------+------------------------------------------------------------+
; AUTO_CARRY_CHAINS      ; ON         ; AUTO_CARRY                                                 ;
; IGNORE_CARRY_BUFFERS   ; OFF        ; IGNORE_CARRY                                               ;
; AUTO_CASCADE_CHAINS    ; ON         ; AUTO_CASCADE                                               ;
; IGNORE_CASCADE_BUFFERS ; OFF        ; IGNORE_CASCADE                                             ;
; LPM_WIDTH              ; 16         ; Signed Integer                                             ;
; LPM_SIZE               ; 2          ; Signed Integer                                             ;
; LPM_WIDTHS             ; 1          ; Signed Integer                                             ;
; LPM_PIPELINE           ; 0          ; Untyped                                                    ;
; CBXI_PARAMETER         ; mux_boc    ; Untyped                                                    ;
; DEVICE_FAMILY          ; Cyclone II ; Untyped                                                    ;
+------------------------+------------+------------------------------------------------------------+
Note: In order to hide this table in the UI and the text report file, please set the "Show Parameter Settings in Synthesis Report" option in "Analysis and Synthesis Settings -> More Settings" to "Off".


+-----------------------------------------------------------------------+
; Parameter Settings for User Entity Instance: tanDp:inst|LPM_DFF:X2Reg ;
+------------------------+------------+---------------------------------+
; Parameter Name         ; Value      ; Type                            ;
+------------------------+------------+---------------------------------+
; LPM_WIDTH              ; 16         ; Signed Integer                  ;
; LPM_AVALUE             ; 0          ; Untyped                         ;
; LPM_SVALUE             ; 0          ; Untyped                         ;
; DEVICE_FAMILY          ; Cyclone II ; Untyped                         ;
; AUTO_CARRY_CHAINS      ; ON         ; AUTO_CARRY                      ;
; IGNORE_CARRY_BUFFERS   ; OFF        ; IGNORE_CARRY                    ;
; AUTO_CASCADE_CHAINS    ; ON         ; AUTO_CASCADE                    ;
; IGNORE_CASCADE_BUFFERS ; OFF        ; IGNORE_CASCADE                  ;
+------------------------+------------+---------------------------------+
Note: In order to hide this table in the UI and the text report file, please set the "Show Parameter Settings in Synthesis Report" option in "Analysis and Synthesis Settings -> More Settings" to "Off".


+------------------------------------------------------------------------------------------------+
; lpm_mult Parameter Settings by Entity Instance                                                 ;
+---------------------------------------+--------------------------------------------------------+
; Name                                  ; Value                                                  ;
+---------------------------------------+--------------------------------------------------------+
; Number of entity instances            ; 1                                                      ;
; Entity Instance                       ; tanDp:inst|lpm_mult0:inst3|lpm_mult:lpm_mult_component ;
;     -- LPM_WIDTHA                     ; 16                                                     ;
;     -- LPM_WIDTHB                     ; 16                                                     ;
;     -- LPM_WIDTHP                     ; 16                                                     ;
;     -- LPM_REPRESENTATION             ; UNSIGNED                                               ;
;     -- INPUT_A_IS_CONSTANT            ; NO                                                     ;
;     -- INPUT_B_IS_CONSTANT            ; NO                                                     ;
;     -- USE_EAB                        ; OFF                                                    ;
;     -- DEDICATED_MULTIPLIER_CIRCUITRY ; AUTO                                                   ;
;     -- INPUT_A_FIXED_VALUE            ; Bx                                                     ;
;     -- INPUT_B_FIXED_VALUE            ; Bx                                                     ;
+---------------------------------------+--------------------------------------------------------+


+--------------------------------------------------------------------------------------------------+
; altsyncram Parameter Settings by Entity Instance                                                 ;
+-------------------------------------------+------------------------------------------------------+
; Name                                      ; Value                                                ;
+-------------------------------------------+------------------------------------------------------+
; Number of entity instances                ; 1                                                    ;
; Entity Instance                           ; tanDp:inst|rom1:inst|altsyncram:altsyncram_component ;
;     -- OPERATION_MODE                     ; ROM                                                  ;
;     -- WIDTH_A                            ; 16                                                   ;
;     -- NUMWORDS_A                         ; 16                                                   ;
;     -- OUTDATA_REG_A                      ; UNREGISTERED                                         ;
;     -- WIDTH_B                            ; 1                                                    ;
;     -- NUMWORDS_B                         ; 1                                                    ;
;     -- ADDRESS_REG_B                      ; CLOCK1                                               ;
;     -- OUTDATA_REG_B                      ; UNREGISTERED                                         ;
;     -- RAM_BLOCK_TYPE                     ; AUTO                                                 ;
;     -- READ_DURING_WRITE_MODE_MIXED_PORTS ; DONT_CARE                                            ;
+-------------------------------------------+------------------------------------------------------+


+-------------------------------+
; Elapsed Time Per Partition    ;
+----------------+--------------+
; Partition Name ; Elapsed Time ;
+----------------+--------------+
; Top            ; 00:00:00     ;
+----------------+--------------+


+-------------------------------+
; Analysis & Synthesis Messages ;
+-------------------------------+
Info: *******************************************************************
Info: Running Quartus II 64-Bit Analysis & Synthesis
    Info: Version 13.0.1 Build 232 06/12/2013 Service Pack 1 SJ Web Edition
    Info: Processing started: Fri Jan 04 23:48:29 2019
Info: Command: quartus_map --read_settings_files=on --write_settings_files=off TanX -c TanX
Warning (20028): Parallel compilation is not licensed and has been disabled
Info (12021): Found 1 design units, including 1 entities, in source file tandp.bdf
    Info (12023): Found entity 1: tanDp
Info (12021): Found 1 design units, including 1 entities, in source file rom1.v
    Info (12023): Found entity 1: rom1
Info (12021): Found 1 design units, including 1 entities, in source file lpm_counter0.v
    Info (12023): Found entity 1: lpm_counter0
Info (12021): Found 1 design units, including 1 entities, in source file lpm_mux0.v
    Info (12023): Found entity 1: lpm_mux0
Info (12021): Found 1 design units, including 1 entities, in source file lpm_mult0.v
    Info (12023): Found entity 1: lpm_mult0
Info (12021): Found 1 design units, including 1 entities, in source file tanx.bdf
    Info (12023): Found entity 1: TanX
Info (12021): Found 1 design units, including 1 entities, in source file lpm_mux1.v
    Info (12023): Found entity 1: lpm_mux1
Info (12021): Found 1 design units, including 1 entities, in source file lpm_add_sub0.v
    Info (12023): Found entity 1: lpm_add_sub0
Info (12127): Elaborating entity "TanX" for the top level hierarchy
Warning (12125): Using design file tancntl.v, which is not specified as a design file for the current project, but contains definitions for 1 design units and 1 entities in project
    Info (12023): Found entity 1: tanCntl
Info (12128): Elaborating entity "tanCntl" for hierarchy "tanCntl:inst1"
Info (12128): Elaborating entity "tanDp" for hierarchy "tanDp:inst"
Info (12128): Elaborating entity "lpm_counter0" for hierarchy "tanDp:inst|lpm_counter0:inst1"
Info (12128): Elaborating entity "lpm_counter" for hierarchy "tanDp:inst|lpm_counter0:inst1|lpm_counter:LPM_COUNTER_component"
Info (12130): Elaborated megafunction instantiation "tanDp:inst|lpm_counter0:inst1|lpm_counter:LPM_COUNTER_component"
Info (12133): Instantiated megafunction "tanDp:inst|lpm_counter0:inst1|lpm_counter:LPM_COUNTER_component" with the following parameter:
    Info (12134): Parameter "lpm_direction" = "UP"
    Info (12134): Parameter "lpm_port_updown" = "PORT_UNUSED"
    Info (12134): Parameter "lpm_svalue" = "0"
    Info (12134): Parameter "lpm_type" = "LPM_COUNTER"
    Info (12134): Parameter "lpm_width" = "4"
Info (12021): Found 1 design units, including 1 entities, in source file db/cntr_edk.tdf
    Info (12023): Found entity 1: cntr_edk
Info (12128): Elaborating entity "cntr_edk" for hierarchy "tanDp:inst|lpm_counter0:inst1|lpm_counter:LPM_COUNTER_component|cntr_edk:auto_generated"
Info (12128): Elaborating entity "LPM_DFF" for hierarchy "tanDp:inst|LPM_DFF:EReg"
Info (12130): Elaborated megafunction instantiation "tanDp:inst|LPM_DFF:EReg"
Info (12133): Instantiated megafunction "tanDp:inst|LPM_DFF:EReg" with the following parameter:
    Info (12134): Parameter "LPM_WIDTH" = "16"
Info (12128): Elaborating entity "lpm_mux1" for hierarchy "tanDp:inst|lpm_mux1:inst5"
Info (12128): Elaborating entity "lpm_mux" for hierarchy "tanDp:inst|lpm_mux1:inst5|lpm_mux:LPM_MUX_component"
Info (12130): Elaborated megafunction instantiation "tanDp:inst|lpm_mux1:inst5|lpm_mux:LPM_MUX_component"
Info (12133): Instantiated megafunction "tanDp:inst|lpm_mux1:inst5|lpm_mux:LPM_MUX_component" with the following parameter:
    Info (12134): Parameter "lpm_size" = "2"
    Info (12134): Parameter "lpm_type" = "LPM_MUX"
    Info (12134): Parameter "lpm_width" = "16"
    Info (12134): Parameter "lpm_widths" = "1"
Info (12021): Found 1 design units, including 1 entities, in source file db/mux_boc.tdf
    Info (12023): Found entity 1: mux_boc
Info (12128): Elaborating entity "mux_boc" for hierarchy "tanDp:inst|lpm_mux1:inst5|lpm_mux:LPM_MUX_component|mux_boc:auto_generated"
Info (12128): Elaborating entity "lpm_add_sub0" for hierarchy "tanDp:inst|lpm_add_sub0:inst6"
Info (12128): Elaborating entity "lpm_add_sub" for hierarchy "tanDp:inst|lpm_add_sub0:inst6|lpm_add_sub:LPM_ADD_SUB_component"
Info (12130): Elaborated megafunction instantiation "tanDp:inst|lpm_add_sub0:inst6|lpm_add_sub:LPM_ADD_SUB_component"
Info (12133): Instantiated megafunction "tanDp:inst|lpm_add_sub0:inst6|lpm_add_sub:LPM_ADD_SUB_component" with the following parameter:
    Info (12134): Parameter "lpm_direction" = "ADD"
    Info (12134): Parameter "lpm_hint" = "ONE_INPUT_IS_CONSTANT=NO,CIN_USED=NO"
    Info (12134): Parameter "lpm_representation" = "UNSIGNED"
    Info (12134): Parameter "lpm_type" = "LPM_ADD_SUB"
    Info (12134): Parameter "lpm_width" = "16"
Info (12021): Found 1 design units, including 1 entities, in source file db/add_sub_rlh.tdf
    Info (12023): Found entity 1: add_sub_rlh
Info (12128): Elaborating entity "add_sub_rlh" for hierarchy "tanDp:inst|lpm_add_sub0:inst6|lpm_add_sub:LPM_ADD_SUB_component|add_sub_rlh:auto_generated"
Info (12128): Elaborating entity "lpm_mult0" for hierarchy "tanDp:inst|lpm_mult0:inst3"
Info (12128): Elaborating entity "lpm_mult" for hierarchy "tanDp:inst|lpm_mult0:inst3|lpm_mult:lpm_mult_component"
Info (12130): Elaborated megafunction instantiation "tanDp:inst|lpm_mult0:inst3|lpm_mult:lpm_mult_component"
Info (12133): Instantiated megafunction "tanDp:inst|lpm_mult0:inst3|lpm_mult:lpm_mult_component" with the following parameter:
    Info (12134): Parameter "lpm_hint" = "MAXIMIZE_SPEED=5"
    Info (12134): Parameter "lpm_representation" = "UNSIGNED"
    Info (12134): Parameter "lpm_type" = "LPM_MULT"
    Info (12134): Parameter "lpm_widtha" = "16"
    Info (12134): Parameter "lpm_widthb" = "16"
    Info (12134): Parameter "lpm_widthp" = "16"
Info (12021): Found 1 design units, including 1 entities, in source file db/mult_8bn.tdf
    Info (12023): Found entity 1: mult_8bn
Info (12128): Elaborating entity "mult_8bn" for hierarchy "tanDp:inst|lpm_mult0:inst3|lpm_mult:lpm_mult_component|mult_8bn:auto_generated"
Info (12128): Elaborating entity "lpm_mux0" for hierarchy "tanDp:inst|lpm_mux0:inst2"
Info (12128): Elaborating entity "lpm_mux" for hierarchy "tanDp:inst|lpm_mux0:inst2|lpm_mux:LPM_MUX_component"
Info (12130): Elaborated megafunction instantiation "tanDp:inst|lpm_mux0:inst2|lpm_mux:LPM_MUX_component"
Info (12133): Instantiated megafunction "tanDp:inst|lpm_mux0:inst2|lpm_mux:LPM_MUX_component" with the following parameter:
    Info (12134): Parameter "lpm_size" = "3"
    Info (12134): Parameter "lpm_type" = "LPM_MUX"
    Info (12134): Parameter "lpm_width" = "16"
    Info (12134): Parameter "lpm_widths" = "2"
Info (12021): Found 1 design units, including 1 entities, in source file db/mux_doc.tdf
    Info (12023): Found entity 1: mux_doc
Info (12128): Elaborating entity "mux_doc" for hierarchy "tanDp:inst|lpm_mux0:inst2|lpm_mux:LPM_MUX_component|mux_doc:auto_generated"
Info (12128): Elaborating entity "rom1" for hierarchy "tanDp:inst|rom1:inst"
Info (12128): Elaborating entity "altsyncram" for hierarchy "tanDp:inst|rom1:inst|altsyncram:altsyncram_component"
Info (12130): Elaborated megafunction instantiation "tanDp:inst|rom1:inst|altsyncram:altsyncram_component"
Info (12133): Instantiated megafunction "tanDp:inst|rom1:inst|altsyncram:altsyncram_component" with the following parameter:
    Info (12134): Parameter "clock_enable_input_a" = "BYPASS"
    Info (12134): Parameter "clock_enable_output_a" = "BYPASS"
    Info (12134): Parameter "init_file" = "romi.mif"
    Info (12134): Parameter "intended_device_family" = "Cyclone II"
    Info (12134): Parameter "lpm_hint" = "ENABLE_RUNTIME_MOD=NO"
    Info (12134): Parameter "lpm_type" = "altsyncram"
    Info (12134): Parameter "numwords_a" = "16"
    Info (12134): Parameter "operation_mode" = "ROM"
    Info (12134): Parameter "outdata_aclr_a" = "NONE"
    Info (12134): Parameter "outdata_reg_a" = "UNREGISTERED"
    Info (12134): Parameter "widthad_a" = "4"
    Info (12134): Parameter "width_a" = "16"
    Info (12134): Parameter "width_byteena_a" = "1"
Info (12021): Found 1 design units, including 1 entities, in source file db/altsyncram_nj71.tdf
    Info (12023): Found entity 1: altsyncram_nj71
Info (12128): Elaborating entity "altsyncram_nj71" for hierarchy "tanDp:inst|rom1:inst|altsyncram:altsyncram_component|altsyncram_nj71:auto_generated"
Warning (13046): Tri-state node(s) do not directly drive top-level pin(s)
    Warning (13049): Converted tri-state buffer "tanCntl:inst1|ESel" feeding internal logic into a wire
    Warning (13049): Converted tri-state buffer "tanCntl:inst1|MultSel[1]" feeding internal logic into a wire
    Warning (13049): Converted tri-state buffer "tanCntl:inst1|MultSel[0]" feeding internal logic into a wire
    Warning (13049): Converted tri-state buffer "tanCntl:inst1|TSel" feeding internal logic into a wire
Info (17049): 3 registers lost all their fanouts during netlist optimizations.
Info (144001): Generated suppressed messages file C:/Users/Taha/Desktop/CA6/output_files/TanX.map.smsg
Info (16010): Generating hard_block partition "hard_block:auto_generated_inst"
    Info (16011): Adding 0 node(s), including 0 DDIO, 0 PLL, 0 transceiver and 0 LCELL
Info (21057): Implemented 167 device resources after synthesis - the final resource count might be different
    Info (21058): Implemented 19 input pins
    Info (21059): Implemented 18 output pins
    Info (21061): Implemented 112 logic cells
    Info (21064): Implemented 16 RAM segments
    Info (21062): Implemented 2 DSP elements
Info: Quartus II 64-Bit Analysis & Synthesis was successful. 0 errors, 7 warnings
    Info: Peak virtual memory: 4636 megabytes
    Info: Processing ended: Fri Jan 04 23:48:32 2019
    Info: Elapsed time: 00:00:03
    Info: Total CPU time (on all processors): 00:00:03


+------------------------------------------+
; Analysis & Synthesis Suppressed Messages ;
+------------------------------------------+
The suppressed messages can be found in C:/Users/Taha/Desktop/CA6/output_files/TanX.map.smsg.


